0 verbose cli D:\devtools\nodejs\node.exe D:\devTools\nodejs\node_global\node_modules\npm\bin\npm-cli.js
1 info using npm@10.8.1
2 info using node@v18.18.0
3 silly config load:file:D:\devTools\nodejs\node_global\node_modules\npm\npmrc
4 silly config load:file:d:\blogs\vuepress-starter\.npmrc
5 silly config load:file:C:\Users\robin\.npmrc
6 silly config load:file:D:\devTools\nodejs\node_global\etc\npmrc
7 verbose title npm view @vuepress/theme-default description dist-tags.latest homepage version time
8 verbose argv "view" "--json" "--" "@vuepress/theme-default" "description" "dist-tags.latest" "homepage" "version" "time"
9 verbose logfile logs-max:10 dir:D:\blogs\vuepress-starter\devtools\nodejs\node_cache\_logs\2024-06-20T12_29_58_658Z-
10 verbose logfile D:\blogs\vuepress-starter\devtools\nodejs\node_cache\_logs\2024-06-20T12_29_58_658Z-debug-0.log
11 silly logfile start cleaning logs, removing 2 files
12 silly logfile done cleaning log files
13 http fetch GET 200 https://registry.npmmirror.com/@vuepress%2ftheme-default 631ms (cache updated)
14 verbose cwd d:\blogs\vuepress-starter
15 verbose os Windows_NT 10.0.22631
16 verbose node v18.18.0
17 verbose npm  v10.8.1
18 verbose exit 0
19 info ok
